- Pascal-FC for IBM PC compatibles - 
- Compiler Version jc-0.9.40

G L Davies  &  A Burns, University of Bradford
J C Coppens, Universidad Católica de Córdoba

Compiler listing

    1     0 program tp1_ej4;
    2     0 {
    3     0  @return true si el valor de numero es primo
    4     0  @return false si el valor de numero no es primo
    5     0 }
    6     0 function esprimo(numero : integer):boolean
    7     0 var
    8     0         cantDiv : integer;
    9     0         i : integer;
   10     0 begin
   11     0         for i:=2 to numero-1 do
   12     6         begin
   13     6                 if (numero mod i = 0) then
   14    12                 begin
   15    12                         cantDiv:=cantDiv+1;
   16    17                 end;
   17    17         end;
   18    18         esprimo := (cantDiv = 0);
   19    23 end;
   20    24 
   21    24 {
   22    24  @ Evalua un rango de numeros y devuelve los numeros
   23    24    primos dentro del rango.
   24    24  @param id Identificador del proceso.
   25    24  @param limInferior limite establecido para el valor
   26    24                     inferior del intervalo.
   27    24  @param limSuperior limite establecido para el valor
   28    24                     superior del intervalo.
   29    24 }
   30    24 process type primos (
   31    24                         id : integer;
   32    24                         limInferior : integer;
   33    24                         limSuperior : integer;
   34    24                         var s : semaphore
   35    24                     );
   36    24         var
   37    24                 i : integer; {Indice para recorrer}
   38    24                 cantPrimos : integer;
   39    24         begin
   40    24                 for i:=limInferior to limSuperior do
   41    28                 begin
   42    28                         if (esprimo(i)) then
   43    33                         begin
   44    33                                 wait(s);
   45    35                                 writeln('El proceso ',id,' encontro  a: ', i);
   46    44                                 signal(s);
   47    46                         end;
   48    46                 end;
   49    47         end;
   50    48 var
   51    48         p1, p2, p3, p4 : primos;
   52    48         s : semaphore;
   53    48 begin
   54    48         initial(s,1);
   55    52         cobegin
   56    53                 p1 (1, 1, 25, s);
   57    61                 p2 (2, 26, 50, s);
   58    69                 p3 (3, 51, 75, s);
   59    77                 p4 (4, 76, 100, s);
   60    85         coend;
   61    86 end.


Symbol table

     link   object      type          ref  normal  lvl  adr  aux  name

 56    55   procedure   notyp           2    TRUE    0   48    0  _main
 57     0   variable    synch           0    TRUE    1    5    0  any
 58    57   function    boolean         3    TRUE    1    0    0  esprimo
 59     0   variable    integer         0    TRUE    2    5    0  numero
 60    59   variable    integer         0    TRUE    2    6    0  cantdiv
 61    60   variable    integer         0    TRUE    2    7    0  i
 62    58   type id     process         4    TRUE    1   24    0  primos
 63     0   variable    integer         0    TRUE    2    5    0  id
 64    63   variable    integer         0    TRUE    2    6    0  liminferior
 65    64   variable    integer         0    TRUE    2    7    0  limsuperior
 66    65   variable    semaphore       0   FALSE    2    8    0  s
 67    66   variable    integer         0    TRUE    2    9    0  i
 68    67   variable    integer         0    TRUE    2   10    0  cantprimos
 69    62   variable    process         4    TRUE    1    5    0  p1
 70    69   variable    process         4    TRUE    1    6    0  p2
 71    70   variable    process         4    TRUE    1    7    0  p3
 72    71   variable    process         4    TRUE    1    8    0  p4
 73    72   variable    semaphore       0    TRUE    1    9    0  s

Generated P-code

    0     ldadr        2         7 ; 10
    1     ldcon.i      0         2 ; 11
    2     ldval.i      2         5 ; 11
    3     ldcon.i      0         1 ; 11
    4     sub  .i      0         0 ; 11
    5     for1u.i      0        18 ; 11
    6     ldval.i      2         5 ; 13
    7     ldval.i      2         7 ; 13
    8     modop.i      0         0 ; 13
    9     ldcon.i      0         0 ; 13
   10     releq.i      0         0 ; 13
   11     jmpiz        0        17 ; 13
   12     ldadr        2         6 ; 14
   13     ldval.i      2         6 ; 15
   14     ldcon.i      0         1 ; 15
   15     add  .i      0         0 ; 15
   16     store.i      0         0 ; 15
   17     for2u.i      0         6 ; 16
   18     ldadr        2         0 ; 17
   19     ldval.i      2         6 ; 18
   20     ldcon.i      0         0 ; 18
   21     releq.i      0         0 ; 18
   22     store.b      0         0 ; 18
   23     retfn.b      0         0 ; 18
   24     ldadr        2         9 ; 39
   25     ldval.i      2         6 ; 40
   26     ldval.i      2         7 ; 40
   27     for1u.i      0        47 ; 40
   28     mrkst        0        58 ; 42
   29     ldval.i      2         9 ; 42
   30     calls        0         5 ; 42
   31     updis        1         2 ; 42
   32     jmpiz        0        46 ; 42
   33     ldval.adr    2         8 ; 44
   34     wait         0         0 ; 44
   35     ldcon.i      0        11 ; 45
   36     wrstr        0         0 ; 45
   37     ldval.i      2         5 ; 45
   38     wrval.i      0         0 ; 45
   39     ldcon.i      0        14 ; 45
   40     wrstr        0        11 ; 45
   41     ldval.i      2         9 ; 45
   42     wrval.i      0         0 ; 45
   43     wrlin        0         0 ; 45
   44     ldval.adr    2         8 ; 46
   45     signl        0         0 ; 46
   46     for2u.i      0        28 ; 47
   47     rproc        1         0 ; 48
   48     ldadr        1         9 ; 54
   49     ldcon.i      0         1 ; 54
   50     lobnd.i      0         0 ; 54
   51     sinit        0         0 ; 54
   52     cobeg        0         0 ; 54
   53     mrkst        1        62 ; 55
   54     ldadr        1         5 ; 55
   55     procv        0         0 ; 55
   56     ldcon.i      0         1 ; 56
   57     ldcon.i      0         1 ; 56
   58     ldcon.i      0        25 ; 56
   59     ldadr        1         9 ; 56
   60     calls        1         8 ; 56
   61     mrkst        1        62 ; 56
   62     ldadr        1         6 ; 56
   63     procv        0         0 ; 56
   64     ldcon.i      0         2 ; 57
   65     ldcon.i      0        26 ; 57
   66     ldcon.i      0        50 ; 57
   67     ldadr        1         9 ; 57
   68     calls        1         8 ; 57
   69     mrkst        1        62 ; 57
   70     ldadr        1         7 ; 57
   71     procv        0         0 ; 57
   72     ldcon.i      0         3 ; 58
   73     ldcon.i      0        51 ; 58
   74     ldcon.i      0        75 ; 58
   75     ldadr        1         9 ; 58
   76     calls        1         8 ; 58
   77     mrkst        1        62 ; 58
   78     ldadr        1         8 ; 58
   79     procv        0         0 ; 58
   80     ldcon.i      0         4 ; 59
   81     ldcon.i      0        76 ; 59
   82     ldcon.i      0       100 ; 59
   83     ldadr        1         9 ; 59
   84     calls        1         8 ; 59
   85     coend        0         0 ; 59
   86     stop         0         0 ; 60
